<?xml version="1.0" encoding="UTF-8"?>
<!-- Generated by org.testng.reporters.JUnitReportReporter -->
<testsuite skipped="0" hostname="DESKTOP-3HG5QSF" name="TestablePackage.GroupingTest" tests="5" failures="0" timestamp="2022-07-06T04:17:14 PDT" time="0.018" errors="0">
  <testcase name="Sanitytest" time="0.002" classname="TestablePackage.GroupingTest"/>
  <system-out/>
  <testcase name="Absraction" time="0.009" classname="TestablePackage.GroupingTest"/>
  <system-out/>
  <testcase name="Inheritance" time="0.001" classname="TestablePackage.GroupingTest"/>
  <system-out/>
  <testcase name="UnitTest" time="0.002" classname="TestablePackage.GroupingTest"/>
  <system-out/>
  <testcase name="IntegatTest" time="0.004" classname="TestablePackage.GroupingTest"/>
  <system-out/>
</testsuite> <!-- TestablePackage.GroupingTest -->
