<?xml version="1.0" encoding="UTF-8"?>
<!-- Generated by org.testng.reporters.JUnitReportReporter -->
<testsuite skipped="0" hostname="DESKTOP-3HG5QSF" name="TestablePackage.CreateAccount" tests="1" failures="0" timestamp="2022-07-06T03:54:45 PDT" time="20.782" errors="0">
  <testcase name="Resistration" time="20.782" classname="TestablePackage.CreateAccount"/>
  <system-out/>
</testsuite> <!-- TestablePackage.CreateAccount -->
