<?xml version="1.0" encoding="UTF-8"?>
<!-- Generated by org.testng.reporters.JUnitReportReporter -->
<testsuite skipped="0" hostname="DESKTOP-3HG5QSF" name="TestablePackage.FrameAction" tests="1" failures="0" timestamp="2022-07-05T03:45:40 PDT" time="8.710" errors="0">
  <testcase name="fram" time="8.710" classname="TestablePackage.FrameAction"/>
  <system-out/>
</testsuite> <!-- TestablePackage.FrameAction -->
