<?xml version="1.0" encoding="UTF-8"?>
<!-- Generated by org.testng.reporters.JUnitReportReporter -->
<testsuite skipped="0" hostname="DESKTOP-3HG5QSF" name="TestablePackage.TestDataProvider" tests="3" failures="0" timestamp="2022-07-06T07:53:20 PDT" time="36.063" errors="0">
  <testcase name="Test" time="9.261" classname="TestablePackage.TestDataProvider"/>
  <system-out/>
  <testcase name="Test" time="16.391" classname="TestablePackage.TestDataProvider"/>
  <system-out/>
  <testcase name="Test" time="10.411" classname="TestablePackage.TestDataProvider"/>
  <system-out/>
</testsuite> <!-- TestablePackage.TestDataProvider -->
