<?xml version="1.0" encoding="UTF-8"?>
<!-- Generated by org.testng.reporters.JUnitReportReporter -->
<testsuite skipped="0" hostname="DESKTOP-3HG5QSF" name="TestablePackage.GoogleLauch" tests="1" failures="0" timestamp="2022-07-05T02:05:30 PDT" time="10.669" errors="0">
  <testcase name="BrowserLaunch" time="10.669" classname="TestablePackage.GoogleLauch"/>
  <system-out/>
</testsuite> <!-- TestablePackage.GoogleLauch -->
