<?xml version="1.0" encoding="UTF-8"?>
<!-- Generated by org.testng.reporters.JUnitReportReporter -->
<testsuite skipped="0" hostname="DESKTOP-3HG5QSF" name="TestablePackage.Parameterization" tests="1" failures="0" timestamp="2022-07-06T07:37:18 PDT" time="16.565" errors="0">
  <testcase name="Parameterising" time="16.565" classname="TestablePackage.Parameterization"/>
  <system-out/>
</testsuite> <!-- TestablePackage.Parameterization -->
