<?xml version="1.0" encoding="UTF-8"?>
<!-- Generated by org.testng.reporters.JUnitReportReporter -->
<testsuite skipped="0" hostname="DESKTOP-3HG5QSF" name="TestablePackage.SceenShot" tests="1" failures="0" timestamp="2022-07-06T03:54:45 PDT" time="12.582" errors="0">
  <testcase name="Screenshot" time="12.582" classname="TestablePackage.SceenShot"/>
  <system-out/>
</testsuite> <!-- TestablePackage.SceenShot -->
