<?xml version="1.0" encoding="UTF-8"?>
<!-- Generated by org.testng.reporters.JUnitReportReporter -->
<testsuite skipped="0" hostname="DESKTOP-3HG5QSF" name="TestablePackage.FrameHandle" tests="1" failures="0" timestamp="2022-07-06T03:54:45 PDT" time="13.045" errors="0">
  <testcase name="ActiveElement" time="13.045" classname="TestablePackage.FrameHandle"/>
  <system-out/>
</testsuite> <!-- TestablePackage.FrameHandle -->
