<?xml version="1.0" encoding="UTF-8"?>
<!-- Generated by org.testng.reporters.JUnitReportReporter -->
<testsuite skipped="0" hostname="DESKTOP-3HG5QSF" name="TestablePackage.FirstTestCase" tests="1" failures="0" timestamp="2022-07-06T04:19:01 PDT" time="10.440" errors="0">
  <testcase name="LoginPage" time="10.440" classname="TestablePackage.FirstTestCase"/>
  <system-out/>
</testsuite> <!-- TestablePackage.FirstTestCase -->
